<?xml version="1.0" encoding="UTF-8"?>
<testsuites name="E2E Demo Shop tests" tests="2" failures="0" errors="0" time="5.837">
  <testsuite name="Checkout tests" errors="0" failures="0" skipped="0" timestamp="2021-02-23T12:35:10" time="3.389" tests="1">
    <testcase classname="Checkout tests Guest can add a product to cart" name="Checkout tests Guest can add a product to cart" time="1.815">
    </testcase>
  </testsuite>
  <testsuite name="Authentication tests" errors="0" failures="0" skipped="0" timestamp="2021-02-23T12:35:13" time="2.349" tests="1">
    <testcase classname="Authentication tests Normal user can login" name="Authentication tests Normal user can login" time="0.886">
    </testcase>
  </testsuite>
</testsuites>