<?xml version="1.0" encoding="UTF-8"?>
<testsuites name="E2E Demo Shop tests" tests="2" failures="0" errors="0" time="7.264">
  <testsuite name="Checkout tests" errors="0" failures="0" skipped="0" timestamp="2020-11-23T16:15:05" time="3.553" tests="1">
    <testcase classname="Checkout tests Guest can add a product to cart" name="Checkout tests Guest can add a product to cart" time="1.863">
    </testcase>
  </testsuite>
  <testsuite name="Authentication tests" errors="0" failures="0" skipped="0" timestamp="2020-11-23T16:15:09" time="1.725" tests="1">
    <testcase classname="Authentication tests Normal user can login" name="Authentication tests Normal user can login" time="1.421">
    </testcase>
  </testsuite>
</testsuites>