<?xml version="1.0" encoding="UTF-8"?>
<testsuites name="E2E Demo Shop tests" tests="2" failures="0" errors="0" time="4.809">
  <testsuite name="Checkout tests" errors="0" failures="0" skipped="0" timestamp="2020-11-23T13:28:09" time="3.102" tests="1">
    <testcase classname="Checkout tests Guest can add a product to cart" name="Checkout tests Guest can add a product to cart" time="0.896">
    </testcase>
  </testsuite>
  <testsuite name="Authentication tests" errors="0" failures="0" skipped="0" timestamp="2020-11-23T13:28:09" time="3.447" tests="1">
    <testcase classname="Authentication tests Normal user can login" name="Authentication tests Normal user can login" time="1.238">
    </testcase>
  </testsuite>
</testsuites>