<?xml version="1.0" encoding="UTF-8"?>
<testsuites name="E2E Demo Shop tests" tests="2" failures="0" errors="0" time="6.273">
  <testsuite name="Checkout tests" errors="0" failures="0" skipped="0" timestamp="2021-02-17T11:15:13" time="2.114" tests="1">
    <testcase classname="Checkout tests Guest can add a product to cart" name="Checkout tests Guest can add a product to cart" time="0.755">
    </testcase>
  </testsuite>
  <testsuite name="Authentication tests" errors="0" failures="0" skipped="0" timestamp="2021-02-17T11:15:15" time="2.504" tests="1">
    <testcase classname="Authentication tests Normal user can login" name="Authentication tests Normal user can login" time="0.874">
    </testcase>
  </testsuite>
</testsuites>