<?xml version="1.0" encoding="UTF-8"?>
<testsuites name="E2E Demo Shop tests" tests="2" failures="0" errors="0" time="4.393">
  <testsuite name="Checkout tests" errors="0" failures="0" skipped="0" timestamp="2021-02-17T11:20:51" time="2.088" tests="1">
    <testcase classname="Checkout tests Guest can add a product to cart" name="Checkout tests Guest can add a product to cart" time="0.86">
    </testcase>
  </testsuite>
  <testsuite name="Authentication tests" errors="0" failures="0" skipped="0" timestamp="2021-02-17T11:20:53" time="2.215" tests="1">
    <testcase classname="Authentication tests Normal user can login" name="Authentication tests Normal user can login" time="0.811">
    </testcase>
  </testsuite>
</testsuites>