<?xml version="1.0" encoding="UTF-8"?>
<testsuites name="E2E Demo Shop tests" tests="2" failures="0" errors="0" time="4.676">
  <testsuite name="Authentication tests" errors="0" failures="0" skipped="0" timestamp="2020-11-23T14:23:36" time="3.148" tests="1">
    <testcase classname="Authentication tests Normal user can login" name="Authentication tests Normal user can login" time="1.653">
    </testcase>
  </testsuite>
  <testsuite name="Checkout tests" errors="0" failures="0" skipped="0" timestamp="2020-11-23T14:23:39" time="1.041" tests="1">
    <testcase classname="Checkout tests Guest can add a product to cart" name="Checkout tests Guest can add a product to cart" time="0.85">
    </testcase>
  </testsuite>
</testsuites>