<?xml version="1.0" encoding="UTF-8"?>
<testsuites name="E2E Demo Shop tests" tests="2" failures="0" errors="0" time="5.208">
  <testsuite name="Checkout tests" errors="0" failures="0" skipped="0" timestamp="2021-02-15T18:33:27" time="2.123" tests="1">
    <testcase classname="Checkout tests Guest can add a product to cart" name="Checkout tests Guest can add a product to cart" time="0.784">
    </testcase>
  </testsuite>
  <testsuite name="Authentication tests" errors="0" failures="0" skipped="0" timestamp="2021-02-15T18:33:29" time="2.785" tests="1">
    <testcase classname="Authentication tests Normal user can login" name="Authentication tests Normal user can login" time="0.919">
    </testcase>
  </testsuite>
</testsuites>