<?xml version="1.0" encoding="UTF-8"?>
<testsuites name="E2E Demo Shop tests" tests="2" failures="0" errors="0" time="5.934">
  <testsuite name="Checkout tests" errors="0" failures="0" skipped="0" timestamp="2020-11-23T16:44:27" time="3.631" tests="1">
    <testcase classname="Checkout tests Guest can add a product to cart" name="Checkout tests Guest can add a product to cart" time="1.876">
    </testcase>
  </testsuite>
  <testsuite name="Authentication tests" errors="0" failures="0" skipped="0" timestamp="2020-11-23T16:44:31" time="1.769" tests="1">
    <testcase classname="Authentication tests Normal user can login" name="Authentication tests Normal user can login" time="1.448">
    </testcase>
  </testsuite>
</testsuites>