<?xml version="1.0" encoding="UTF-8"?>
<testsuites name="E2E Demo Shop tests" tests="2" failures="0" errors="0" time="6.246">
  <testsuite name="Checkout tests" errors="0" failures="0" skipped="0" timestamp="2020-11-23T16:50:35" time="3.471" tests="1">
    <testcase classname="Checkout tests Guest can add a product to cart" name="Checkout tests Guest can add a product to cart" time="1.535">
    </testcase>
  </testsuite>
  <testsuite name="Authentication tests" errors="0" failures="0" skipped="0" timestamp="2020-11-23T16:50:38" time="1.888" tests="1">
    <testcase classname="Authentication tests Normal user can login" name="Authentication tests Normal user can login" time="1.498">
    </testcase>
  </testsuite>
</testsuites>